  pjsua_acc.c
f:\learn\opensource\av\pjproject-2.8\pjmedia\include\pjmedia-codec\g7221.h : warning C4819: 该文件包含不能在当前代码页(936)中表示的字符。请将该文件保存为 Unicode 格式以防止数据丢失
  pjsua_aud.c
f:\learn\opensource\av\pjproject-2.8\pjmedia\include\pjmedia-codec\g7221.h : warning C4819: 该文件包含不能在当前代码页(936)中表示的字符。请将该文件保存为 Unicode 格式以防止数据丢失
  pjsua_call.c
f:\learn\opensource\av\pjproject-2.8\pjmedia\include\pjmedia-codec\g7221.h : warning C4819: 该文件包含不能在当前代码页(936)中表示的字符。请将该文件保存为 Unicode 格式以防止数据丢失
f:\learn\opensource\av\pjproject-2.8\pjsip\src\pjsua-lib\pjsua_call.c(4071): warning C4102: “TODO___HANDLE_FORKED_DIALOG”: 未引用的标签
  pjsua_core.c
f:\learn\opensource\av\pjproject-2.8\pjmedia\include\pjmedia-codec\g7221.h : warning C4819: 该文件包含不能在当前代码页(936)中表示的字符。请将该文件保存为 Unicode 格式以防止数据丢失
f:\learn\opensource\av\pjproject-2.8\pjsip\src\pjsua-lib\pjsua_core.c(2826): warning C4102: “TODO___pjsua_transport_set_enable”: 未引用的标签
  pjsua_dump.c
f:\learn\opensource\av\pjproject-2.8\pjmedia\include\pjmedia-codec\g7221.h : warning C4819: 该文件包含不能在当前代码页(936)中表示的字符。请将该文件保存为 Unicode 格式以防止数据丢失
  pjsua_im.c
f:\learn\opensource\av\pjproject-2.8\pjmedia\include\pjmedia-codec\g7221.h : warning C4819: 该文件包含不能在当前代码页(936)中表示的字符。请将该文件保存为 Unicode 格式以防止数据丢失
  pjsua_media.c
f:\learn\opensource\av\pjproject-2.8\pjmedia\include\pjmedia-codec\g7221.h : warning C4819: 该文件包含不能在当前代码页(936)中表示的字符。请将该文件保存为 Unicode 格式以防止数据丢失
  pjsua_pres.c
f:\learn\opensource\av\pjproject-2.8\pjmedia\include\pjmedia-codec\g7221.h : warning C4819: 该文件包含不能在当前代码页(936)中表示的字符。请将该文件保存为 Unicode 格式以防止数据丢失
  pjsua_vid.c
f:\learn\opensource\av\pjproject-2.8\pjmedia\include\pjmedia-codec\g7221.h : warning C4819: 该文件包含不能在当前代码页(936)中表示的字符。请将该文件保存为 Unicode 格式以防止数据丢失
  正在生成代码...
C:\Program Files (x86)\MSBuild\Microsoft.Cpp\v4.0\V120\Microsoft.CppBuild.targets(1361,5): warning MSB8012: TargetPath(F:\learn\opensource\av\pjproject-2.8\pjsip\build\.\output\pjsua_lib--Win32-vc8-Debug\pjsua_lib.lib) does not match the Library's OutputFile property value (F:\learn\opensource\av\pjproject-2.8\pjsip\lib\pjsua-lib-i386-Win32-vc8-Debug.lib). This may cause your project to build incorrectly. To correct this, please make sure that $(OutDir), $(TargetName) and $(TargetExt) property values match the value specified in %(Lib.OutputFile).
C:\Program Files (x86)\MSBuild\Microsoft.Cpp\v4.0\V120\Microsoft.CppBuild.targets(1363,5): warning MSB8012: TargetName(pjsua_lib) does not match the Library's OutputFile property value (pjsua-lib-i386-Win32-vc8-Debug). This may cause your project to build incorrectly. To correct this, please make sure that $(OutDir), $(TargetName) and $(TargetExt) property values match the value specified in %(Lib.OutputFile).
  pjsua_lib.vcxproj -> F:\learn\opensource\av\pjproject-2.8\pjsip\build\.\output\pjsua_lib--Win32-vc8-Debug\pjsua_lib.lib
