  alaw_ulaw.c
  alaw_ulaw_table.c
  audiodev.c
  avi_player.c
  bidirectional.c
  clock_thread.c
  codec.c
  conf_switch.c
  conference.c
  converter.c
  converter_libswscale.c
f:\learn\opensource\av\pjproject-2.8\third_party\ffmpeg\include\libavutil\rational.h(73): warning C4204: 使用了非标准扩展 : 非常量聚合初始值设定项
f:\learn\opensource\av\pjproject-2.8\third_party\ffmpeg\include\libavutil\rational.h(161): warning C4204: 使用了非标准扩展 : 非常量聚合初始值设定项
  converter_libyuv.c
  delaybuf.c
  echo_common.c
  echo_port.c
  echo_speex.c
  echo_suppress.c
  echo_webrtc.c
  endpoint.c
  errno.c
  正在生成代码...
  正在编译...
  event.c
  ffmpeg_util.c
f:\learn\opensource\av\pjproject-2.8\third_party\ffmpeg\include\libavutil\rational.h(73): warning C4204: 使用了非标准扩展 : 非常量聚合初始值设定项
f:\learn\opensource\av\pjproject-2.8\third_party\ffmpeg\include\libavutil\rational.h(161): warning C4204: 使用了非标准扩展 : 非常量聚合初始值设定项
  format.c
  g711.c
  jbuf.c
  master_port.c
  mem_capture.c
  mem_player.c
  null_port.c
  plc_common.c
  port.c
  resample_libsamplerate.c
  resample_port.c
  resample_resample.c
  resample_speex.c
  rtcp.c
  rtcp_fb.c
  rtcp_xr.c
  rtp.c
  sdp.c
f:\learn\opensource\av\pjproject-2.8\pjmedia\src\pjmedia\sdp.c(1100): warning C4102: “TODO___PARSE_SDP_CONN_ADDRESS_SUBFIELDS”: 未引用的标签
  正在生成代码...
  正在编译...
  sdp_cmp.c
  sdp_neg.c
f:\learn\opensource\av\pjproject-2.8\pjmedia\src\pjmedia\sdp_neg.c(747): warning C4102: “TODO___CHECK_SDP_NEGOTIATION_WHEN_ASYMETRIC_MEDIA_IS_ALLOWED”: 未引用的标签
  silencedet.c
  sound_legacy.c
  sound_port.c
  splitcomb.c
  stereo_port.c
  stream.c
  stream_common.c
  stream_info.c
  tonegen.c
  transport_adapter_sample.c
  transport_ice.c
  transport_loop.c
  transport_srtp.c
  transport_udp.c
  types.c
  vid_codec.c
  vid_codec_util.c
  vid_port.c
  正在生成代码...
  正在编译...
  vid_stream.c
  vid_stream_info.c
  vid_tee.c
  videodev.c
  wav_player.c
  wav_playlist.c
  wav_writer.c
  wave.c
  wsola.c
  正在生成代码...
C:\Program Files (x86)\MSBuild\Microsoft.Cpp\v4.0\V120\Microsoft.CppBuild.targets(1361,5): warning MSB8012: TargetPath(F:\learn\opensource\av\pjproject-2.8\pjmedia\build\.\output\pjmedia--Win32-vc8-Debug\pjmedia.lib) does not match the Library's OutputFile property value (F:\learn\opensource\av\pjproject-2.8\pjmedia\lib\pjmedia-i386-Win32-vc8-Debug.lib). This may cause your project to build incorrectly. To correct this, please make sure that $(OutDir), $(TargetName) and $(TargetExt) property values match the value specified in %(Lib.OutputFile).
C:\Program Files (x86)\MSBuild\Microsoft.Cpp\v4.0\V120\Microsoft.CppBuild.targets(1363,5): warning MSB8012: TargetName(pjmedia) does not match the Library's OutputFile property value (pjmedia-i386-Win32-vc8-Debug). This may cause your project to build incorrectly. To correct this, please make sure that $(OutDir), $(TargetName) and $(TargetExt) property values match the value specified in %(Lib.OutputFile).
  pjmedia.vcxproj -> F:\learn\opensource\av\pjproject-2.8\pjmedia\build\.\output\pjmedia--Win32-vc8-Debug\pjmedia.lib
