  auddemo.c
  aectest.c
  aviplay.c
F:\learn\opensource\av\pjproject-2.8\pjmedia\include\pjmedia-codec/g7221.h : warning C4819: 该文件包含不能在当前代码页(936)中表示的字符。请将该文件保存为 Unicode 格式以防止数据丢失
  clidemo.c
  confsample.c
  confbench.c
  encdec.c
F:\learn\opensource\av\pjproject-2.8\pjmedia\include\pjmedia-codec/g7221.h : warning C4819: 该文件包含不能在当前代码页(936)中表示的字符。请将该文件保存为 Unicode 格式以防止数据丢失
  httpdemo.c
  icedemo.c
  jbsim.c
F:\learn\opensource\av\pjproject-2.8\pjmedia\include\pjmedia-codec/g7221.h : warning C4819: 该文件包含不能在当前代码页(936)中表示的字符。请将该文件保存为 Unicode 格式以防止数据丢失
  latency.c
  level.c
  mix.c
  pcaputil.c
F:\learn\opensource\av\pjproject-2.8\pjmedia\include\pjmedia-codec/g7221.h : warning C4819: 该文件包含不能在当前代码页(936)中表示的字符。请将该文件保存为 Unicode 格式以防止数据丢失
  pjsip-perf.c
F:\learn\opensource\av\pjproject-2.8\pjmedia\include\pjmedia-codec/g7221.h : warning C4819: 该文件包含不能在当前代码页(936)中表示的字符。请将该文件保存为 Unicode 格式以防止数据丢失
  playfile.c
  playsine.c
  recfile.c
  resampleplay.c
  simpleua.c
F:\learn\opensource\av\pjproject-2.8\pjmedia\include\pjmedia-codec/g7221.h : warning C4819: 该文件包含不能在当前代码页(936)中表示的字符。请将该文件保存为 Unicode 格式以防止数据丢失
  simple_pjsua.c
F:\learn\opensource\av\pjproject-2.8\pjmedia\include\pjmedia-codec/g7221.h : warning C4819: 该文件包含不能在当前代码页(936)中表示的字符。请将该文件保存为 Unicode 格式以防止数据丢失
  sipecho.c
  siprtp.c
F:\learn\opensource\av\pjproject-2.8\pjmedia\include\pjmedia-codec/g7221.h : warning C4819: 该文件包含不能在当前代码页(936)中表示的字符。请将该文件保存为 Unicode 格式以防止数据丢失
..\src\samples\siprtp.c(703): warning C4102: “TODO___HANDLE_FORKING”: 未引用的标签
  sipstateless.c
  stateful_proxy.c
  stateless_proxy.c
  stereotest.c
  streamutil.c
F:\learn\opensource\av\pjproject-2.8\pjmedia\include\pjmedia-codec/g7221.h : warning C4819: 该文件包含不能在当前代码页(936)中表示的字符。请将该文件保存为 Unicode 格式以防止数据丢失
  strerror.c
  tonegen.c
  vid_streamutil.c
F:\learn\opensource\av\pjproject-2.8\pjmedia\include\pjmedia-codec/g7221.h : warning C4819: 该文件包含不能在当前代码页(936)中表示的字符。请将该文件保存为 Unicode 格式以防止数据丢失
