  base64.c
  cli.c
  cli_console.c
  cli_telnet.c
  crc32.c
  dns.c
  dns_dump.c
  dns_server.c
  errno.c
  getopt.c
  hmac_md5.c
  hmac_sha1.c
  http_client.c
  json.c
  md5.c
  pcap.c
  resolver.c
  scanner.c
  sha1.c
  srv_resolver.c
  正在生成代码...
  正在编译...
  string.c
  stun_simple.c
  stun_simple_client.c
  symbols.c
  xml.c
  正在生成代码...
C:\Program Files (x86)\MSBuild\Microsoft.Cpp\v4.0\V120\Microsoft.CppBuild.targets(1361,5): warning MSB8012: TargetPath(F:\learn\opensource\av\pjproject-2.8\pjlib-util\build\.\output\pjlib_util--Win32-vc8-Debug\pjlib_util.lib) does not match the Library's OutputFile property value (F:\learn\opensource\av\pjproject-2.8\pjlib-util\lib\pjlib-util-i386-Win32-vc8-Debug.lib). This may cause your project to build incorrectly. To correct this, please make sure that $(OutDir), $(TargetName) and $(TargetExt) property values match the value specified in %(Lib.OutputFile).
C:\Program Files (x86)\MSBuild\Microsoft.Cpp\v4.0\V120\Microsoft.CppBuild.targets(1363,5): warning MSB8012: TargetName(pjlib_util) does not match the Library's OutputFile property value (pjlib-util-i386-Win32-vc8-Debug). This may cause your project to build incorrectly. To correct this, please make sure that $(OutDir), $(TargetName) and $(TargetExt) property values match the value specified in %(Lib.OutputFile).
  pjlib_util.vcxproj -> F:\learn\opensource\av\pjproject-2.8\pjlib-util\build\.\output\pjlib_util--Win32-vc8-Debug\pjlib_util.lib
